2022/01/19 19:39:24 [emerg] 1#1: host not found in upstream "php7fpm" in /etc/nginx/conf.d/default.conf:13
2022/01/19 19:41:16 [emerg] 1#1: host not found in upstream "php7fpm" in /etc/nginx/conf.d/default.conf:13
2022/01/19 19:43:00 [notice] 1#1: using the "epoll" event method
2022/01/19 19:43:00 [notice] 1#1: nginx/1.21.5
2022/01/19 19:43:00 [notice] 1#1: built by gcc 10.3.1 20211027 (Alpine 10.3.1_git20211027) 
2022/01/19 19:43:00 [notice] 1#1: OS: Linux 5.10.16.3-microsoft-standard-WSL2
2022/01/19 19:43:00 [notice] 1#1: getrlimit(RLIMIT_NOFILE): 1048576:1048576
2022/01/19 19:43:00 [notice] 1#1: start worker processes
2022/01/19 19:43:00 [notice] 1#1: start worker process 32
2022/01/19 19:43:00 [notice] 1#1: start worker process 33
2022/01/19 19:43:00 [notice] 1#1: start worker process 34
2022/01/19 19:43:00 [notice] 1#1: start worker process 35
2022/01/19 19:43:00 [notice] 1#1: start worker process 36
2022/01/19 19:43:00 [notice] 1#1: start worker process 37
2022/01/19 19:43:00 [notice] 1#1: start worker process 38
2022/01/19 19:43:00 [notice] 1#1: start worker process 39
2022/01/19 19:59:10 [notice] 1#1: signal 3 (SIGQUIT) received, shutting down
2022/01/19 19:59:10 [notice] 32#32: gracefully shutting down
2022/01/19 19:59:10 [notice] 32#32: exiting
2022/01/19 19:59:10 [notice] 33#33: gracefully shutting down
2022/01/19 19:59:10 [notice] 33#33: exiting
2022/01/19 19:59:10 [notice] 35#35: gracefully shutting down
2022/01/19 19:59:10 [notice] 35#35: exiting
2022/01/19 19:59:10 [notice] 34#34: gracefully shutting down
2022/01/19 19:59:10 [notice] 34#34: exiting
2022/01/19 19:59:10 [notice] 36#36: gracefully shutting down
2022/01/19 19:59:10 [notice] 37#37: gracefully shutting down
2022/01/19 19:59:10 [notice] 37#37: exiting
2022/01/19 19:59:10 [notice] 38#38: gracefully shutting down
2022/01/19 19:59:10 [notice] 39#39: gracefully shutting down
2022/01/19 19:59:10 [notice] 32#32: exit
2022/01/19 19:59:10 [notice] 33#33: exit
2022/01/19 19:59:10 [notice] 35#35: exit
2022/01/19 19:59:10 [notice] 34#34: exit
2022/01/19 19:59:10 [notice] 36#36: exiting
2022/01/19 19:59:10 [notice] 37#37: exit
2022/01/19 19:59:10 [notice] 38#38: exiting
2022/01/19 19:59:10 [notice] 39#39: exiting
2022/01/19 19:59:10 [notice] 36#36: exit
2022/01/19 19:59:10 [notice] 38#38: exit
2022/01/19 19:59:10 [notice] 39#39: exit
2022/01/19 19:59:10 [notice] 1#1: signal 17 (SIGCHLD) received from 34
2022/01/19 19:59:10 [notice] 1#1: worker process 34 exited with code 0
2022/01/19 19:59:10 [notice] 1#1: worker process 35 exited with code 0
2022/01/19 19:59:10 [notice] 1#1: signal 29 (SIGIO) received
2022/01/19 19:59:10 [notice] 1#1: signal 17 (SIGCHLD) received from 32
2022/01/19 19:59:10 [notice] 1#1: worker process 32 exited with code 0
2022/01/19 19:59:10 [notice] 1#1: signal 29 (SIGIO) received
2022/01/19 19:59:10 [notice] 1#1: signal 17 (SIGCHLD) received from 39
2022/01/19 19:59:10 [notice] 1#1: worker process 36 exited with code 0
2022/01/19 19:59:10 [notice] 1#1: worker process 37 exited with code 0
2022/01/19 19:59:10 [notice] 1#1: worker process 39 exited with code 0
2022/01/19 19:59:10 [notice] 1#1: signal 29 (SIGIO) received
2022/01/19 19:59:10 [notice] 1#1: signal 17 (SIGCHLD) received from 33
2022/01/19 19:59:10 [notice] 1#1: worker process 33 exited with code 0
2022/01/19 19:59:10 [notice] 1#1: worker process 38 exited with code 0
2022/01/19 19:59:10 [notice] 1#1: exit
2022/01/19 20:04:19 [notice] 1#1: using the "epoll" event method
2022/01/19 20:04:19 [notice] 1#1: nginx/1.21.5
2022/01/19 20:04:19 [notice] 1#1: built by gcc 10.3.1 20211027 (Alpine 10.3.1_git20211027) 
2022/01/19 20:04:19 [notice] 1#1: OS: Linux 5.10.16.3-microsoft-standard-WSL2
2022/01/19 20:04:19 [notice] 1#1: getrlimit(RLIMIT_NOFILE): 1048576:1048576
2022/01/19 20:04:19 [notice] 1#1: start worker processes
2022/01/19 20:04:19 [notice] 1#1: start worker process 31
2022/01/19 20:04:19 [notice] 1#1: start worker process 32
2022/01/19 20:04:19 [notice] 1#1: start worker process 33
2022/01/19 20:04:19 [notice] 1#1: start worker process 34
2022/01/19 20:04:19 [notice] 1#1: start worker process 35
2022/01/19 20:04:19 [notice] 1#1: start worker process 36
2022/01/19 20:04:19 [notice] 1#1: start worker process 37
2022/01/19 20:04:19 [notice] 1#1: start worker process 38
2022/01/20 15:25:46 [emerg] 1#1: host not found in upstream "php" in /etc/nginx/conf.d/default.conf:13
2022/01/20 15:33:09 [emerg] 1#1: host not found in upstream "php" in /etc/nginx/conf.d/default.conf:13
2022/01/20 15:37:16 [emerg] 1#1: host not found in upstream "php" in /etc/nginx/conf.d/default.conf:13
2022/01/20 15:43:51 [notice] 1#1: using the "epoll" event method
2022/01/20 15:43:51 [notice] 1#1: nginx/1.21.5
2022/01/20 15:43:51 [notice] 1#1: built by gcc 10.3.1 20211027 (Alpine 10.3.1_git20211027) 
2022/01/20 15:43:51 [notice] 1#1: OS: Linux 5.10.16.3-microsoft-standard-WSL2
2022/01/20 15:43:51 [notice] 1#1: getrlimit(RLIMIT_NOFILE): 1024:4096
2022/01/20 15:43:51 [notice] 1#1: start worker processes
2022/01/20 15:43:51 [notice] 1#1: start worker process 32
2022/01/20 15:43:51 [notice] 1#1: start worker process 33
2022/01/20 15:43:51 [notice] 1#1: start worker process 34
2022/01/20 15:43:51 [notice] 1#1: start worker process 35
2022/01/20 15:43:51 [notice] 1#1: start worker process 36
2022/01/20 15:43:51 [notice] 1#1: start worker process 37
2022/01/20 15:43:51 [notice] 1#1: start worker process 38
2022/01/20 15:43:51 [notice] 1#1: start worker process 39
2022/01/20 15:46:15 [notice] 1#1: signal 3 (SIGQUIT) received, shutting down
2022/01/20 15:46:15 [notice] 32#32: gracefully shutting down
2022/01/20 15:46:15 [notice] 35#35: gracefully shutting down
2022/01/20 15:46:15 [notice] 35#35: exiting
2022/01/20 15:46:15 [notice] 36#36: gracefully shutting down
2022/01/20 15:46:15 [notice] 37#37: gracefully shutting down
2022/01/20 15:46:15 [notice] 37#37: exiting
2022/01/20 15:46:15 [notice] 38#38: gracefully shutting down
2022/01/20 15:46:15 [notice] 33#33: gracefully shutting down
2022/01/20 15:46:15 [notice] 34#34: gracefully shutting down
2022/01/20 15:46:15 [notice] 34#34: exiting
2022/01/20 15:46:15 [notice] 39#39: gracefully shutting down
2022/01/20 15:46:15 [notice] 39#39: exiting
2022/01/20 15:46:15 [notice] 32#32: exiting
2022/01/20 15:46:15 [notice] 35#35: exit
2022/01/20 15:46:15 [notice] 36#36: exiting
2022/01/20 15:46:15 [notice] 37#37: exit
2022/01/20 15:46:15 [notice] 38#38: exiting
2022/01/20 15:46:15 [notice] 33#33: exiting
2022/01/20 15:46:15 [notice] 34#34: exit
2022/01/20 15:46:15 [notice] 39#39: exit
2022/01/20 15:46:15 [notice] 32#32: exit
2022/01/20 15:46:15 [notice] 36#36: exit
2022/01/20 15:46:15 [notice] 38#38: exit
2022/01/20 15:46:15 [notice] 33#33: exit
2022/01/20 15:46:15 [notice] 1#1: signal 17 (SIGCHLD) received from 33
2022/01/20 15:46:15 [notice] 1#1: worker process 33 exited with code 0
2022/01/20 15:46:15 [notice] 1#1: worker process 39 exited with code 0
2022/01/20 15:46:15 [notice] 1#1: signal 29 (SIGIO) received
2022/01/20 15:46:15 [notice] 1#1: signal 17 (SIGCHLD) received from 39
2022/01/20 15:46:15 [notice] 1#1: signal 17 (SIGCHLD) received from 34
2022/01/20 15:46:15 [notice] 1#1: worker process 34 exited with code 0
2022/01/20 15:46:15 [notice] 1#1: worker process 35 exited with code 0
2022/01/20 15:46:15 [notice] 1#1: worker process 38 exited with code 0
2022/01/20 15:46:15 [notice] 1#1: signal 29 (SIGIO) received
2022/01/20 15:46:15 [notice] 1#1: signal 17 (SIGCHLD) received from 35
2022/01/20 15:46:15 [notice] 1#1: signal 17 (SIGCHLD) received from 37
2022/01/20 15:46:15 [notice] 1#1: worker process 37 exited with code 0
2022/01/20 15:46:15 [notice] 1#1: signal 29 (SIGIO) received
2022/01/20 15:46:15 [notice] 1#1: signal 17 (SIGCHLD) received from 36
2022/01/20 15:46:15 [notice] 1#1: worker process 36 exited with code 0
2022/01/20 15:46:15 [notice] 1#1: signal 29 (SIGIO) received
2022/01/20 15:46:15 [notice] 1#1: signal 17 (SIGCHLD) received from 32
2022/01/20 15:46:15 [notice] 1#1: worker process 32 exited with code 0
2022/01/20 15:46:15 [notice] 1#1: exit
